0 info it worked if it ends with ok
1 verbose cli [ '/usr/local/bin/node', '/usr/local/bin/npm', 'run', 'dev' ]
2 info using npm@3.3.12
3 info using node@v4.2.4
4 verbose run-script [ 'predev', 'dev', 'postdev' ]
5 info lifecycle zstore@0.0.0~predev: zstore@0.0.0
6 silly lifecycle zstore@0.0.0~predev: no script for predev, continuing
7 info lifecycle zstore@0.0.0~dev: zstore@0.0.0
8 verbose lifecycle zstore@0.0.0~dev: unsafe-perm in lifecycle true
9 verbose lifecycle zstore@0.0.0~dev: PATH: /usr/local/lib/node_modules/npm/bin/node-gyp-bin:/Users/kfaria/Sites/zstore/node_modules/.bin:/Users/kfaria/.rvm/gems/ruby-2.3.0/bin:/Users/kfaria/.rvm/gems/ruby-2.3.0@global/bin:/Users/kfaria/.rvm/rubies/ruby-2.3.0/bin:/Library/Java/JavaVirtualMachines/jdk1.7.0_79.jdk/Contents/Home/bin:/usr/local/share/npm/bin:/usr/local/opt/ruby/bin:/usr/local/bin:/usr/local/sbin:/usr/local/share/npm/bin:/usr/local/opt/ruby/bin:/usr/local/bin:/usr/local/sbin:/usr/bin:/bin:/usr/sbin:/sbin:/usr/local/bin:/Users/kfaria/.rvm/bin
10 verbose lifecycle zstore@0.0.0~dev: CWD: /Users/kfaria/Sites/zstore
11 silly lifecycle zstore@0.0.0~dev: Args: [ '-c',
11 silly lifecycle   'webpack-dashboard -t zstore -c lightblue -- webpack-dev-server -p' ]
12 silly lifecycle zstore@0.0.0~dev: Returned: code: 1  signal: null
13 info lifecycle zstore@0.0.0~dev: Failed to exec dev script
14 verbose stack Error: zstore@0.0.0 dev: `webpack-dashboard -t zstore -c lightblue -- webpack-dev-server -p`
14 verbose stack Exit status 1
14 verbose stack     at EventEmitter.<anonymous> (/usr/local/lib/node_modules/npm/lib/utils/lifecycle.js:232:16)
14 verbose stack     at emitTwo (events.js:87:13)
14 verbose stack     at EventEmitter.emit (events.js:172:7)
14 verbose stack     at ChildProcess.<anonymous> (/usr/local/lib/node_modules/npm/lib/utils/spawn.js:24:14)
14 verbose stack     at emitTwo (events.js:87:13)
14 verbose stack     at ChildProcess.emit (events.js:172:7)
14 verbose stack     at maybeClose (internal/child_process.js:818:16)
14 verbose stack     at Process.ChildProcess._handle.onexit (internal/child_process.js:211:5)
15 verbose pkgid zstore@0.0.0
16 verbose cwd /Users/kfaria/Sites/zstore
17 error Darwin 15.5.0
18 error argv "/usr/local/bin/node" "/usr/local/bin/npm" "run" "dev"
19 error node v4.2.4
20 error npm  v3.3.12
21 error code ELIFECYCLE
22 error zstore@0.0.0 dev: `webpack-dashboard -t zstore -c lightblue -- webpack-dev-server -p`
22 error Exit status 1
23 error Failed at the zstore@0.0.0 dev script 'webpack-dashboard -t zstore -c lightblue -- webpack-dev-server -p'.
23 error Make sure you have the latest version of node.js and npm installed.
23 error If you do, this is most likely a problem with the zstore package,
23 error not with npm itself.
23 error Tell the author that this fails on your system:
23 error     webpack-dashboard -t zstore -c lightblue -- webpack-dev-server -p
23 error You can get their info via:
23 error     npm owner ls zstore
23 error There is likely additional logging output above.
24 verbose exit [ 1, true ]
